<?xml version="1.0" encoding="UTF-8"?>
<testsuite name="MainTests" tests="1" skipped="0" failures="0" errors="0" timestamp="2022-09-08T19:04:18" hostname="HOME-PC" time="0.032">
  <properties/>
  <testcase name="testJsonToList()" classname="MainTests" time="0.032"/>
  <system-out><![CDATA[]]></system-out>
  <system-err><![CDATA[]]></system-err>
</testsuite>
